{"/Users/agni/st6003cem/notes/my-book-review-api/app.js": {"path":"/Users/agni/st6003cem/notes/my-book-review-api/app.js","statementMap":{"0":{"start":{"line":1,"column":0},"end":{"line":1,"column":26}},"1":{"start":{"line":2,"column":16},"end":{"line":2,"column":34}},"2":{"start":{"line":3,"column":13},"end":{"line":3,"column":28}},"3":{"start":{"line":4,"column":17},"end":{"line":4,"column":36}},"4":{"start":{"line":5,"column":15},"end":{"line":5,"column":34}},"5":{"start":{"line":6,"column":20},"end":{"line":6,"column":52}},"6":{"start":{"line":7,"column":23},"end":{"line":7,"column":58}},"7":{"start":{"line":8,"column":19},"end":{"line":8,"column":51}},"8":{"start":{"line":9,"column":22},"end":{"line":9,"column":56}},"9":{"start":{"line":10,"column":13},"end":{"line":10,"column":41}},"10":{"start":{"line":11,"column":13},"end":{"line":11,"column":28}},"11":{"start":{"line":13,"column":12},"end":{"line":13,"column":21}},"12":{"start":{"line":14,"column":15},"end":{"line":16,"column":24}},"13":{"start":{"line":18,"column":0},"end":{"line":18,"column":19}},"14":{"start":{"line":20,"column":0},"end":{"line":22,"column":35}},"15":{"start":{"line":21,"column":4},"end":{"line":21,"column":39}},"16":{"start":{"line":22,"column":18},"end":{"line":22,"column":34}},"17":{"start":{"line":25,"column":0},"end":{"line":25,"column":15}},"18":{"start":{"line":26,"column":0},"end":{"line":30,"column":2}},"19":{"start":{"line":27,"column":4},"end":{"line":27,"column":67}},"20":{"start":{"line":28,"column":4},"end":{"line":28,"column":44}},"21":{"start":{"line":29,"column":4},"end":{"line":29,"column":10}},"22":{"start":{"line":32,"column":0},"end":{"line":32,"column":48}},"23":{"start":{"line":34,"column":0},"end":{"line":34,"column":23}},"24":{"start":{"line":36,"column":0},"end":{"line":36,"column":55}},"25":{"start":{"line":38,"column":0},"end":{"line":40,"column":2}},"26":{"start":{"line":39,"column":4},"end":{"line":39,"column":61}},"27":{"start":{"line":42,"column":0},"end":{"line":42,"column":29}},"28":{"start":{"line":43,"column":0},"end":{"line":43,"column":24}},"29":{"start":{"line":44,"column":0},"end":{"line":44,"column":30}},"30":{"start":{"line":45,"column":0},"end":{"line":45,"column":34}},"31":{"start":{"line":46,"column":0},"end":{"line":46,"column":38}},"32":{"start":{"line":48,"column":0},"end":{"line":52,"column":2}},"33":{"start":{"line":49,"column":4},"end":{"line":49,"column":26}},"34":{"start":{"line":50,"column":4},"end":{"line":50,"column":46}},"35":{"start":{"line":50,"column":31},"end":{"line":50,"column":46}},"36":{"start":{"line":51,"column":4},"end":{"line":51,"column":34}},"37":{"start":{"line":60,"column":0},"end":{"line":60,"column":20}}},"fnMap":{"0":{"name":"(anonymous_0)","decl":{"start":{"line":20,"column":30},"end":{"line":20,"column":31}},"loc":{"start":{"line":20,"column":36},"end":{"line":22,"column":1}},"line":20},"1":{"name":"(anonymous_1)","decl":{"start":{"line":22,"column":9},"end":{"line":22,"column":10}},"loc":{"start":{"line":22,"column":18},"end":{"line":22,"column":34}},"line":22},"2":{"name":"(anonymous_2)","decl":{"start":{"line":26,"column":8},"end":{"line":26,"column":9}},"loc":{"start":{"line":26,"column":28},"end":{"line":30,"column":1}},"line":26},"3":{"name":"(anonymous_3)","decl":{"start":{"line":38,"column":30},"end":{"line":38,"column":31}},"loc":{"start":{"line":38,"column":44},"end":{"line":40,"column":1}},"line":38},"4":{"name":"(anonymous_4)","decl":{"start":{"line":48,"column":8},"end":{"line":48,"column":9}},"loc":{"start":{"line":48,"column":33},"end":{"line":52,"column":1}},"line":48}},"branchMap":{"0":{"loc":{"start":{"line":14,"column":15},"end":{"line":16,"column":24}},"type":"cond-expr","locations":[{"start":{"line":15,"column":6},"end":{"line":15,"column":29}},{"start":{"line":16,"column":6},"end":{"line":16,"column":24}}],"line":14},"1":{"loc":{"start":{"line":50,"column":4},"end":{"line":50,"column":46}},"type":"if","locations":[{"start":{"line":50,"column":4},"end":{"line":50,"column":46}},{"start":{},"end":{}}],"line":50}},"s":{"0":2,"1":2,"2":2,"3":2,"4":2,"5":2,"6":2,"7":2,"8":2,"9":2,"10":2,"11":2,"12":2,"13":2,"14":2,"15":2,"16":0,"17":2,"18":2,"19":6,"20":6,"21":6,"22":2,"23":2,"24":2,"25":2,"26":0,"27":2,"28":2,"29":2,"30":2,"31":2,"32":2,"33":0,"34":0,"35":0,"36":0,"37":2},"f":{"0":2,"1":0,"2":6,"3":0,"4":0},"b":{"0":[2,0],"1":[0,0]},"_coverageSchema":"1a1c01bbd47fc00a2c39e90264f33305004495a9","hash":"0814a6b461215402099ed03c71373c1afe647dd3"}
,"/Users/agni/st6003cem/notes/my-book-review-api/logger.js": {"path":"/Users/agni/st6003cem/notes/my-book-review-api/logger.js","statementMap":{"0":{"start":{"line":1,"column":17},"end":{"line":1,"column":36}},"1":{"start":{"line":2,"column":19},"end":{"line":2,"column":34}},"2":{"start":{"line":3,"column":11},"end":{"line":3,"column":24}},"3":{"start":{"line":4,"column":13},"end":{"line":4,"column":28}},"4":{"start":{"line":6,"column":22},"end":{"line":9,"column":1}},"5":{"start":{"line":7,"column":21},"end":{"line":7,"column":68}},"6":{"start":{"line":8,"column":4},"end":{"line":8,"column":49}},"7":{"start":{"line":11,"column":20},"end":{"line":18,"column":1}},"8":{"start":{"line":12,"column":4},"end":{"line":13,"column":75}},"9":{"start":{"line":13,"column":8},"end":{"line":13,"column":75}},"10":{"start":{"line":13,"column":56},"end":{"line":13,"column":74}},"11":{"start":{"line":15,"column":3},"end":{"line":17,"column":5}},"12":{"start":{"line":16,"column":8},"end":{"line":16,"column":34}},"13":{"start":{"line":16,"column":16},"end":{"line":16,"column":34}},"14":{"start":{"line":20,"column":12},"end":{"line":20,"column":60}},"15":{"start":{"line":20,"column":25},"end":{"line":20,"column":60}},"16":{"start":{"line":22,"column":0},"end":{"line":22,"column":22}}},"fnMap":{"0":{"name":"(anonymous_0)","decl":{"start":{"line":6,"column":22},"end":{"line":6,"column":23}},"loc":{"start":{"line":6,"column":35},"end":{"line":9,"column":1}},"line":6},"1":{"name":"(anonymous_1)","decl":{"start":{"line":11,"column":20},"end":{"line":11,"column":21}},"loc":{"start":{"line":11,"column":33},"end":{"line":18,"column":1}},"line":11},"2":{"name":"(anonymous_2)","decl":{"start":{"line":13,"column":47},"end":{"line":13,"column":48}},"loc":{"start":{"line":13,"column":56},"end":{"line":13,"column":74}},"line":13},"3":{"name":"(anonymous_3)","decl":{"start":{"line":15,"column":74},"end":{"line":15,"column":75}},"loc":{"start":{"line":15,"column":83},"end":{"line":17,"column":4}},"line":15},"4":{"name":"(anonymous_4)","decl":{"start":{"line":20,"column":12},"end":{"line":20,"column":13}},"loc":{"start":{"line":20,"column":25},"end":{"line":20,"column":60}},"line":20}},"branchMap":{"0":{"loc":{"start":{"line":12,"column":4},"end":{"line":13,"column":75}},"type":"if","locations":[{"start":{"line":12,"column":4},"end":{"line":13,"column":75}},{"start":{},"end":{}}],"line":12},"1":{"loc":{"start":{"line":16,"column":8},"end":{"line":16,"column":34}},"type":"if","locations":[{"start":{"line":16,"column":8},"end":{"line":16,"column":34}},{"start":{},"end":{}}],"line":16}},"s":{"0":2,"1":2,"2":2,"3":2,"4":2,"5":6,"6":6,"7":2,"8":6,"9":0,"10":0,"11":6,"12":6,"13":0,"14":2,"15":6,"16":2},"f":{"0":6,"1":6,"2":0,"3":6,"4":6},"b":{"0":[0,6],"1":[0,6]},"_coverageSchema":"1a1c01bbd47fc00a2c39e90264f33305004495a9","hash":"83bb694cca43c28d275da114d61a6d45c9230a7f"}
,"/Users/agni/st6003cem/notes/my-book-review-api/controllers/book-controller.js": {"path":"/Users/agni/st6003cem/notes/my-book-review-api/controllers/book-controller.js","statementMap":{"0":{"start":{"line":1,"column":13},"end":{"line":1,"column":38}},"1":{"start":{"line":3,"column":20},"end":{"line":8,"column":1}},"2":{"start":{"line":4,"column":4},"end":{"line":7,"column":22}},"3":{"start":{"line":6,"column":12},"end":{"line":6,"column":27}},"4":{"start":{"line":10,"column":19},"end":{"line":20,"column":1}},"5":{"start":{"line":11,"column":15},"end":{"line":15,"column":5}},"6":{"start":{"line":16,"column":4},"end":{"line":19,"column":22}},"7":{"start":{"line":18,"column":12},"end":{"line":18,"column":38}},"8":{"start":{"line":22,"column":23},"end":{"line":27,"column":1}},"9":{"start":{"line":23,"column":4},"end":{"line":26,"column":22}},"10":{"start":{"line":25,"column":12},"end":{"line":25,"column":28}},"11":{"start":{"line":29,"column":20},"end":{"line":35,"column":1}},"12":{"start":{"line":30,"column":4},"end":{"line":34,"column":22}},"13":{"start":{"line":33,"column":12},"end":{"line":33,"column":26}},"14":{"start":{"line":37,"column":23},"end":{"line":54,"column":1}},"15":{"start":{"line":38,"column":4},"end":{"line":48,"column":22}},"16":{"start":{"line":40,"column":12},"end":{"line":43,"column":13}},"17":{"start":{"line":41,"column":16},"end":{"line":41,"column":31}},"18":{"start":{"line":42,"column":16},"end":{"line":42,"column":53}},"19":{"start":{"line":44,"column":12},"end":{"line":44,"column":73}},"20":{"start":{"line":45,"column":12},"end":{"line":45,"column":69}},"21":{"start":{"line":46,"column":12},"end":{"line":46,"column":81}},"22":{"start":{"line":47,"column":12},"end":{"line":47,"column":64}},"23":{"start":{"line":47,"column":37},"end":{"line":47,"column":51}},"24":{"start":{"line":56,"column":23},"end":{"line":61,"column":1}},"25":{"start":{"line":57,"column":4},"end":{"line":60,"column":22}},"26":{"start":{"line":59,"column":12},"end":{"line":59,"column":26}},"27":{"start":{"line":63,"column":0},"end":{"line":70,"column":1}}},"fnMap":{"0":{"name":"(anonymous_0)","decl":{"start":{"line":3,"column":20},"end":{"line":3,"column":21}},"loc":{"start":{"line":3,"column":40},"end":{"line":8,"column":1}},"line":3},"1":{"name":"(anonymous_1)","decl":{"start":{"line":5,"column":14},"end":{"line":5,"column":15}},"loc":{"start":{"line":5,"column":25},"end":{"line":7,"column":9}},"line":5},"2":{"name":"(anonymous_2)","decl":{"start":{"line":10,"column":19},"end":{"line":10,"column":20}},"loc":{"start":{"line":10,"column":39},"end":{"line":20,"column":1}},"line":10},"3":{"name":"(anonymous_3)","decl":{"start":{"line":17,"column":14},"end":{"line":17,"column":15}},"loc":{"start":{"line":17,"column":24},"end":{"line":19,"column":9}},"line":17},"4":{"name":"(anonymous_4)","decl":{"start":{"line":22,"column":23},"end":{"line":22,"column":24}},"loc":{"start":{"line":22,"column":43},"end":{"line":27,"column":1}},"line":22},"5":{"name":"(anonymous_5)","decl":{"start":{"line":24,"column":14},"end":{"line":24,"column":15}},"loc":{"start":{"line":24,"column":26},"end":{"line":26,"column":9}},"line":24},"6":{"name":"(anonymous_6)","decl":{"start":{"line":29,"column":20},"end":{"line":29,"column":21}},"loc":{"start":{"line":29,"column":40},"end":{"line":35,"column":1}},"line":29},"7":{"name":"(anonymous_7)","decl":{"start":{"line":32,"column":14},"end":{"line":32,"column":15}},"loc":{"start":{"line":32,"column":24},"end":{"line":34,"column":9}},"line":32},"8":{"name":"(anonymous_8)","decl":{"start":{"line":37,"column":23},"end":{"line":37,"column":24}},"loc":{"start":{"line":37,"column":43},"end":{"line":54,"column":1}},"line":37},"9":{"name":"(anonymous_9)","decl":{"start":{"line":39,"column":14},"end":{"line":39,"column":15}},"loc":{"start":{"line":39,"column":22},"end":{"line":48,"column":9}},"line":39},"10":{"name":"(anonymous_10)","decl":{"start":{"line":47,"column":29},"end":{"line":47,"column":30}},"loc":{"start":{"line":47,"column":37},"end":{"line":47,"column":51}},"line":47},"11":{"name":"(anonymous_11)","decl":{"start":{"line":56,"column":23},"end":{"line":56,"column":24}},"loc":{"start":{"line":56,"column":43},"end":{"line":61,"column":1}},"line":56},"12":{"name":"(anonymous_12)","decl":{"start":{"line":58,"column":14},"end":{"line":58,"column":15}},"loc":{"start":{"line":58,"column":24},"end":{"line":60,"column":9}},"line":58}},"branchMap":{"0":{"loc":{"start":{"line":40,"column":12},"end":{"line":43,"column":13}},"type":"if","locations":[{"start":{"line":40,"column":12},"end":{"line":43,"column":13}},{"start":{},"end":{}}],"line":40},"1":{"loc":{"start":{"line":44,"column":26},"end":{"line":44,"column":73}},"type":"cond-expr","locations":[{"start":{"line":44,"column":44},"end":{"line":44,"column":59}},{"start":{"line":44,"column":62},"end":{"line":44,"column":73}}],"line":44},"2":{"loc":{"start":{"line":45,"column":25},"end":{"line":45,"column":69}},"type":"cond-expr","locations":[{"start":{"line":45,"column":42},"end":{"line":45,"column":56}},{"start":{"line":45,"column":59},"end":{"line":45,"column":69}}],"line":45},"3":{"loc":{"start":{"line":46,"column":28},"end":{"line":46,"column":81}},"type":"cond-expr","locations":[{"start":{"line":46,"column":48},"end":{"line":46,"column":65}},{"start":{"line":46,"column":68},"end":{"line":46,"column":81}}],"line":46}},"s":{"0":2,"1":2,"2":1,"3":1,"4":2,"5":1,"6":1,"7":1,"8":2,"9":0,"10":0,"11":2,"12":1,"13":1,"14":2,"15":0,"16":0,"17":0,"18":0,"19":0,"20":0,"21":0,"22":0,"23":0,"24":2,"25":0,"26":0,"27":2},"f":{"0":1,"1":1,"2":1,"3":1,"4":0,"5":0,"6":1,"7":1,"8":0,"9":0,"10":0,"11":0,"12":0},"b":{"0":[0,0],"1":[0,0],"2":[0,0],"3":[0,0]},"_coverageSchema":"1a1c01bbd47fc00a2c39e90264f33305004495a9","hash":"f62ce7f7bf653543e188266761a338e567f5fb0a"}
,"/Users/agni/st6003cem/notes/my-book-review-api/controllers/category-controller.js": {"path":"/Users/agni/st6003cem/notes/my-book-review-api/controllers/category-controller.js","statementMap":{"0":{"start":{"line":1,"column":17},"end":{"line":1,"column":46}},"1":{"start":{"line":3,"column":25},"end":{"line":8,"column":1}},"2":{"start":{"line":4,"column":4},"end":{"line":7,"column":22}},"3":{"start":{"line":6,"column":12},"end":{"line":6,"column":32}},"4":{"start":{"line":10,"column":23},"end":{"line":15,"column":1}},"5":{"start":{"line":11,"column":4},"end":{"line":14,"column":22}},"6":{"start":{"line":13,"column":12},"end":{"line":13,"column":42}},"7":{"start":{"line":17,"column":28},"end":{"line":22,"column":1}},"8":{"start":{"line":18,"column":4},"end":{"line":21,"column":22}},"9":{"start":{"line":20,"column":12},"end":{"line":20,"column":27}},"10":{"start":{"line":24,"column":24},"end":{"line":30,"column":1}},"11":{"start":{"line":25,"column":4},"end":{"line":29,"column":22}},"12":{"start":{"line":28,"column":12},"end":{"line":28,"column":30}},"13":{"start":{"line":32,"column":27},"end":{"line":37,"column":1}},"14":{"start":{"line":33,"column":4},"end":{"line":36,"column":22}},"15":{"start":{"line":35,"column":12},"end":{"line":35,"column":30}},"16":{"start":{"line":39,"column":27},"end":{"line":44,"column":1}},"17":{"start":{"line":40,"column":4},"end":{"line":43,"column":22}},"18":{"start":{"line":42,"column":12},"end":{"line":42,"column":30}},"19":{"start":{"line":46,"column":0},"end":{"line":53,"column":1}}},"fnMap":{"0":{"name":"(anonymous_0)","decl":{"start":{"line":3,"column":25},"end":{"line":3,"column":26}},"loc":{"start":{"line":3,"column":45},"end":{"line":8,"column":1}},"line":3},"1":{"name":"(anonymous_1)","decl":{"start":{"line":5,"column":14},"end":{"line":5,"column":15}},"loc":{"start":{"line":5,"column":28},"end":{"line":7,"column":9}},"line":5},"2":{"name":"(anonymous_2)","decl":{"start":{"line":10,"column":23},"end":{"line":10,"column":24}},"loc":{"start":{"line":10,"column":43},"end":{"line":15,"column":1}},"line":10},"3":{"name":"(anonymous_3)","decl":{"start":{"line":12,"column":14},"end":{"line":12,"column":15}},"loc":{"start":{"line":12,"column":26},"end":{"line":14,"column":9}},"line":12},"4":{"name":"(anonymous_4)","decl":{"start":{"line":17,"column":28},"end":{"line":17,"column":29}},"loc":{"start":{"line":17,"column":48},"end":{"line":22,"column":1}},"line":17},"5":{"name":"(anonymous_5)","decl":{"start":{"line":19,"column":14},"end":{"line":19,"column":15}},"loc":{"start":{"line":19,"column":23},"end":{"line":21,"column":9}},"line":19},"6":{"name":"(anonymous_6)","decl":{"start":{"line":24,"column":24},"end":{"line":24,"column":25}},"loc":{"start":{"line":24,"column":44},"end":{"line":30,"column":1}},"line":24},"7":{"name":"(anonymous_7)","decl":{"start":{"line":27,"column":14},"end":{"line":27,"column":15}},"loc":{"start":{"line":27,"column":26},"end":{"line":29,"column":9}},"line":27},"8":{"name":"(anonymous_8)","decl":{"start":{"line":32,"column":27},"end":{"line":32,"column":28}},"loc":{"start":{"line":32,"column":47},"end":{"line":37,"column":1}},"line":32},"9":{"name":"(anonymous_9)","decl":{"start":{"line":34,"column":14},"end":{"line":34,"column":15}},"loc":{"start":{"line":34,"column":26},"end":{"line":36,"column":9}},"line":34},"10":{"name":"(anonymous_10)","decl":{"start":{"line":39,"column":27},"end":{"line":39,"column":28}},"loc":{"start":{"line":39,"column":47},"end":{"line":44,"column":1}},"line":39},"11":{"name":"(anonymous_11)","decl":{"start":{"line":41,"column":14},"end":{"line":41,"column":15}},"loc":{"start":{"line":41,"column":26},"end":{"line":43,"column":9}},"line":41}},"branchMap":{},"s":{"0":2,"1":2,"2":0,"3":0,"4":2,"5":0,"6":0,"7":2,"8":0,"9":0,"10":2,"11":0,"12":0,"13":2,"14":0,"15":0,"16":2,"17":0,"18":0,"19":2},"f":{"0":0,"1":0,"2":0,"3":0,"4":0,"5":0,"6":0,"7":0,"8":0,"9":0,"10":0,"11":0},"b":{},"_coverageSchema":"1a1c01bbd47fc00a2c39e90264f33305004495a9","hash":"36d9ce97de439a4236aa7ec1cabfce90fd7d2346"}
,"/Users/agni/st6003cem/notes/my-book-review-api/controllers/review-controller.js": {"path":"/Users/agni/st6003cem/notes/my-book-review-api/controllers/review-controller.js","statementMap":{"0":{"start":{"line":1,"column":13},"end":{"line":1,"column":38}},"1":{"start":{"line":3,"column":22},"end":{"line":8,"column":1}},"2":{"start":{"line":4,"column":4},"end":{"line":7,"column":22}},"3":{"start":{"line":6,"column":12},"end":{"line":6,"column":34}},"4":{"start":{"line":10,"column":21},"end":{"line":20,"column":1}},"5":{"start":{"line":11,"column":4},"end":{"line":14,"column":5}},"6":{"start":{"line":15,"column":4},"end":{"line":19,"column":22}},"7":{"start":{"line":17,"column":12},"end":{"line":17,"column":35}},"8":{"start":{"line":18,"column":12},"end":{"line":18,"column":84}},"9":{"start":{"line":18,"column":37},"end":{"line":18,"column":71}},"10":{"start":{"line":22,"column":25},"end":{"line":28,"column":1}},"11":{"start":{"line":23,"column":4},"end":{"line":27,"column":22}},"12":{"start":{"line":25,"column":12},"end":{"line":25,"column":29}},"13":{"start":{"line":26,"column":12},"end":{"line":26,"column":54}},"14":{"start":{"line":26,"column":39},"end":{"line":26,"column":53}},"15":{"start":{"line":30,"column":22},"end":{"line":37,"column":1}},"16":{"start":{"line":31,"column":4},"end":{"line":36,"column":22}},"17":{"start":{"line":33,"column":25},"end":{"line":33,"column":88}},"18":{"start":{"line":33,"column":53},"end":{"line":33,"column":87}},"19":{"start":{"line":34,"column":12},"end":{"line":35,"column":67}},"20":{"start":{"line":34,"column":24},"end":{"line":34,"column":40}},"21":{"start":{"line":35,"column":17},"end":{"line":35,"column":67}},"22":{"start":{"line":39,"column":25},"end":{"line":54,"column":1}},"23":{"start":{"line":40,"column":4},"end":{"line":53,"column":22}},"24":{"start":{"line":42,"column":25},"end":{"line":42,"column":62}},"25":{"start":{"line":43,"column":12},"end":{"line":46,"column":13}},"26":{"start":{"line":44,"column":16},"end":{"line":44,"column":31}},"27":{"start":{"line":45,"column":16},"end":{"line":45,"column":51}},"28":{"start":{"line":47,"column":12},"end":{"line":50,"column":13}},"29":{"start":{"line":48,"column":16},"end":{"line":48,"column":31}},"30":{"start":{"line":49,"column":16},"end":{"line":49,"column":56}},"31":{"start":{"line":51,"column":12},"end":{"line":51,"column":39}},"32":{"start":{"line":52,"column":12},"end":{"line":52,"column":72}},"33":{"start":{"line":52,"column":37},"end":{"line":52,"column":59}},"34":{"start":{"line":56,"column":25},"end":{"line":71,"column":1}},"35":{"start":{"line":57,"column":4},"end":{"line":70,"column":22}},"36":{"start":{"line":59,"column":25},"end":{"line":59,"column":62}},"37":{"start":{"line":60,"column":12},"end":{"line":63,"column":13}},"38":{"start":{"line":61,"column":16},"end":{"line":61,"column":31}},"39":{"start":{"line":62,"column":16},"end":{"line":62,"column":51}},"40":{"start":{"line":64,"column":12},"end":{"line":67,"column":13}},"41":{"start":{"line":65,"column":16},"end":{"line":65,"column":31}},"42":{"start":{"line":66,"column":16},"end":{"line":66,"column":56}},"43":{"start":{"line":68,"column":12},"end":{"line":68,"column":92}},"44":{"start":{"line":68,"column":57},"end":{"line":68,"column":91}},"45":{"start":{"line":69,"column":12},"end":{"line":69,"column":72}},"46":{"start":{"line":69,"column":37},"end":{"line":69,"column":59}},"47":{"start":{"line":72,"column":0},"end":{"line":79,"column":1}}},"fnMap":{"0":{"name":"(anonymous_0)","decl":{"start":{"line":3,"column":22},"end":{"line":3,"column":23}},"loc":{"start":{"line":3,"column":42},"end":{"line":8,"column":1}},"line":3},"1":{"name":"(anonymous_1)","decl":{"start":{"line":5,"column":14},"end":{"line":5,"column":15}},"loc":{"start":{"line":5,"column":24},"end":{"line":7,"column":9}},"line":5},"2":{"name":"(anonymous_2)","decl":{"start":{"line":10,"column":21},"end":{"line":10,"column":22}},"loc":{"start":{"line":10,"column":41},"end":{"line":20,"column":1}},"line":10},"3":{"name":"(anonymous_3)","decl":{"start":{"line":16,"column":14},"end":{"line":16,"column":15}},"loc":{"start":{"line":16,"column":24},"end":{"line":19,"column":9}},"line":16},"4":{"name":"(anonymous_4)","decl":{"start":{"line":18,"column":29},"end":{"line":18,"column":30}},"loc":{"start":{"line":18,"column":37},"end":{"line":18,"column":71}},"line":18},"5":{"name":"(anonymous_5)","decl":{"start":{"line":22,"column":25},"end":{"line":22,"column":26}},"loc":{"start":{"line":22,"column":45},"end":{"line":28,"column":1}},"line":22},"6":{"name":"(anonymous_6)","decl":{"start":{"line":24,"column":14},"end":{"line":24,"column":15}},"loc":{"start":{"line":24,"column":24},"end":{"line":27,"column":9}},"line":24},"7":{"name":"(anonymous_7)","decl":{"start":{"line":26,"column":29},"end":{"line":26,"column":30}},"loc":{"start":{"line":26,"column":39},"end":{"line":26,"column":53}},"line":26},"8":{"name":"(anonymous_8)","decl":{"start":{"line":30,"column":22},"end":{"line":30,"column":23}},"loc":{"start":{"line":30,"column":42},"end":{"line":37,"column":1}},"line":30},"9":{"name":"(anonymous_9)","decl":{"start":{"line":32,"column":14},"end":{"line":32,"column":15}},"loc":{"start":{"line":32,"column":24},"end":{"line":36,"column":9}},"line":32},"10":{"name":"(anonymous_10)","decl":{"start":{"line":33,"column":43},"end":{"line":33,"column":44}},"loc":{"start":{"line":33,"column":53},"end":{"line":33,"column":87}},"line":33},"11":{"name":"(anonymous_11)","decl":{"start":{"line":39,"column":25},"end":{"line":39,"column":26}},"loc":{"start":{"line":39,"column":45},"end":{"line":54,"column":1}},"line":39},"12":{"name":"(anonymous_12)","decl":{"start":{"line":41,"column":14},"end":{"line":41,"column":15}},"loc":{"start":{"line":41,"column":24},"end":{"line":53,"column":9}},"line":41},"13":{"name":"(anonymous_13)","decl":{"start":{"line":52,"column":29},"end":{"line":52,"column":30}},"loc":{"start":{"line":52,"column":37},"end":{"line":52,"column":59}},"line":52},"14":{"name":"(anonymous_14)","decl":{"start":{"line":56,"column":25},"end":{"line":56,"column":26}},"loc":{"start":{"line":56,"column":45},"end":{"line":71,"column":1}},"line":56},"15":{"name":"(anonymous_15)","decl":{"start":{"line":58,"column":14},"end":{"line":58,"column":15}},"loc":{"start":{"line":58,"column":24},"end":{"line":70,"column":9}},"line":58},"16":{"name":"(anonymous_16)","decl":{"start":{"line":68,"column":47},"end":{"line":68,"column":48}},"loc":{"start":{"line":68,"column":57},"end":{"line":68,"column":91}},"line":68},"17":{"name":"(anonymous_17)","decl":{"start":{"line":69,"column":29},"end":{"line":69,"column":30}},"loc":{"start":{"line":69,"column":37},"end":{"line":69,"column":59}},"line":69}},"branchMap":{"0":{"loc":{"start":{"line":34,"column":12},"end":{"line":35,"column":67}},"type":"if","locations":[{"start":{"line":34,"column":12},"end":{"line":35,"column":67}},{"start":{"line":35,"column":17},"end":{"line":35,"column":67}}],"line":34},"1":{"loc":{"start":{"line":43,"column":12},"end":{"line":46,"column":13}},"type":"if","locations":[{"start":{"line":43,"column":12},"end":{"line":46,"column":13}},{"start":{},"end":{}}],"line":43},"2":{"loc":{"start":{"line":47,"column":12},"end":{"line":50,"column":13}},"type":"if","locations":[{"start":{"line":47,"column":12},"end":{"line":50,"column":13}},{"start":{},"end":{}}],"line":47},"3":{"loc":{"start":{"line":60,"column":12},"end":{"line":63,"column":13}},"type":"if","locations":[{"start":{"line":60,"column":12},"end":{"line":63,"column":13}},{"start":{},"end":{}}],"line":60},"4":{"loc":{"start":{"line":64,"column":12},"end":{"line":67,"column":13}},"type":"if","locations":[{"start":{"line":64,"column":12},"end":{"line":67,"column":13}},{"start":{},"end":{}}],"line":64}},"s":{"0":2,"1":2,"2":0,"3":0,"4":2,"5":0,"6":0,"7":0,"8":0,"9":0,"10":2,"11":0,"12":0,"13":0,"14":0,"15":2,"16":0,"17":0,"18":0,"19":0,"20":0,"21":0,"22":2,"23":0,"24":0,"25":0,"26":0,"27":0,"28":0,"29":0,"30":0,"31":0,"32":0,"33":0,"34":2,"35":0,"36":0,"37":0,"38":0,"39":0,"40":0,"41":0,"42":0,"43":0,"44":0,"45":0,"46":0,"47":2},"f":{"0":0,"1":0,"2":0,"3":0,"4":0,"5":0,"6":0,"7":0,"8":0,"9":0,"10":0,"11":0,"12":0,"13":0,"14":0,"15":0,"16":0,"17":0},"b":{"0":[0,0],"1":[0,0],"2":[0,0],"3":[0,0],"4":[0,0]},"_coverageSchema":"1a1c01bbd47fc00a2c39e90264f33305004495a9","hash":"307d5828f46dfbaa6d9b43b5ee3d83b56980655f"}
,"/Users/agni/st6003cem/notes/my-book-review-api/middleware/auth.js": {"path":"/Users/agni/st6003cem/notes/my-book-review-api/middleware/auth.js","statementMap":{"0":{"start":{"line":1,"column":12},"end":{"line":1,"column":35}},"1":{"start":{"line":3,"column":19},"end":{"line":16,"column":1}},"2":{"start":{"line":4,"column":21},"end":{"line":4,"column":46}},"3":{"start":{"line":5,"column":4},"end":{"line":8,"column":5}},"4":{"start":{"line":6,"column":8},"end":{"line":6,"column":23}},"5":{"start":{"line":7,"column":8},"end":{"line":7,"column":72}},"6":{"start":{"line":9,"column":18},"end":{"line":9,"column":42}},"7":{"start":{"line":10,"column":4},"end":{"line":15,"column":6}},"8":{"start":{"line":11,"column":8},"end":{"line":11,"column":33}},"9":{"start":{"line":11,"column":17},"end":{"line":11,"column":33}},"10":{"start":{"line":12,"column":8},"end":{"line":12,"column":26}},"11":{"start":{"line":13,"column":8},"end":{"line":13,"column":29}},"12":{"start":{"line":14,"column":8},"end":{"line":14,"column":14}},"13":{"start":{"line":18,"column":20},"end":{"line":24,"column":1}},"14":{"start":{"line":19,"column":4},"end":{"line":22,"column":5}},"15":{"start":{"line":20,"column":8},"end":{"line":20,"column":23}},"16":{"start":{"line":21,"column":8},"end":{"line":21,"column":43}},"17":{"start":{"line":23,"column":4},"end":{"line":23,"column":10}},"18":{"start":{"line":26,"column":22},"end":{"line":32,"column":1}},"19":{"start":{"line":27,"column":4},"end":{"line":31,"column":5}},"20":{"start":{"line":27,"column":64},"end":{"line":27,"column":77}},"21":{"start":{"line":29,"column":8},"end":{"line":29,"column":23}},"22":{"start":{"line":30,"column":8},"end":{"line":30,"column":48}},"23":{"start":{"line":35,"column":0},"end":{"line":35,"column":59}}},"fnMap":{"0":{"name":"(anonymous_0)","decl":{"start":{"line":3,"column":19},"end":{"line":3,"column":20}},"loc":{"start":{"line":3,"column":39},"end":{"line":16,"column":1}},"line":3},"1":{"name":"(anonymous_1)","decl":{"start":{"line":10,"column":42},"end":{"line":10,"column":43}},"loc":{"start":{"line":10,"column":60},"end":{"line":15,"column":5}},"line":10},"2":{"name":"(anonymous_2)","decl":{"start":{"line":18,"column":20},"end":{"line":18,"column":21}},"loc":{"start":{"line":18,"column":40},"end":{"line":24,"column":1}},"line":18},"3":{"name":"(anonymous_3)","decl":{"start":{"line":26,"column":22},"end":{"line":26,"column":23}},"loc":{"start":{"line":26,"column":42},"end":{"line":32,"column":1}},"line":26}},"branchMap":{"0":{"loc":{"start":{"line":5,"column":4},"end":{"line":8,"column":5}},"type":"if","locations":[{"start":{"line":5,"column":4},"end":{"line":8,"column":5}},{"start":{},"end":{}}],"line":5},"1":{"loc":{"start":{"line":11,"column":8},"end":{"line":11,"column":33}},"type":"if","locations":[{"start":{"line":11,"column":8},"end":{"line":11,"column":33}},{"start":{},"end":{}}],"line":11},"2":{"loc":{"start":{"line":19,"column":4},"end":{"line":22,"column":5}},"type":"if","locations":[{"start":{"line":19,"column":4},"end":{"line":22,"column":5}},{"start":{},"end":{}}],"line":19},"3":{"loc":{"start":{"line":27,"column":4},"end":{"line":31,"column":5}},"type":"if","locations":[{"start":{"line":27,"column":4},"end":{"line":31,"column":5}},{"start":{"line":28,"column":9},"end":{"line":31,"column":5}}],"line":27},"4":{"loc":{"start":{"line":27,"column":8},"end":{"line":27,"column":62}},"type":"binary-expr","locations":[{"start":{"line":27,"column":8},"end":{"line":27,"column":34}},{"start":{"line":27,"column":38},"end":{"line":27,"column":62}}],"line":27}},"s":{"0":2,"1":2,"2":3,"3":3,"4":0,"5":0,"6":3,"7":3,"8":3,"9":0,"10":3,"11":3,"12":3,"13":2,"14":0,"15":0,"16":0,"17":0,"18":2,"19":0,"20":0,"21":0,"22":0,"23":2},"f":{"0":3,"1":3,"2":0,"3":0},"b":{"0":[0,3],"1":[0,3],"2":[0,0],"3":[0,0],"4":[0,0]},"_coverageSchema":"1a1c01bbd47fc00a2c39e90264f33305004495a9","hash":"140f5a4121b86a3fc04805140fc1365ad1e53a1b"}
,"/Users/agni/st6003cem/notes/my-book-review-api/middleware/upload.js": {"path":"/Users/agni/st6003cem/notes/my-book-review-api/middleware/upload.js","statementMap":{"0":{"start":{"line":1,"column":15},"end":{"line":1,"column":32}},"1":{"start":{"line":2,"column":16},"end":{"line":2,"column":31}},"2":{"start":{"line":3,"column":13},"end":{"line":3,"column":28}},"3":{"start":{"line":5,"column":16},"end":{"line":13,"column":2}},"4":{"start":{"line":7,"column":8},"end":{"line":7,"column":29}},"5":{"start":{"line":10,"column":18},"end":{"line":10,"column":49}},"6":{"start":{"line":11,"column":8},"end":{"line":11,"column":57}},"7":{"start":{"line":15,"column":24},"end":{"line":20,"column":1}},"8":{"start":{"line":16,"column":4},"end":{"line":18,"column":5}},"9":{"start":{"line":17,"column":8},"end":{"line":17,"column":65}},"10":{"start":{"line":19,"column":4},"end":{"line":19,"column":18}},"11":{"start":{"line":22,"column":15},"end":{"line":26,"column":20}},"12":{"start":{"line":29,"column":0},"end":{"line":29,"column":23}}},"fnMap":{"0":{"name":"(anonymous_0)","decl":{"start":{"line":6,"column":17},"end":{"line":6,"column":18}},"loc":{"start":{"line":6,"column":36},"end":{"line":8,"column":5}},"line":6},"1":{"name":"(anonymous_1)","decl":{"start":{"line":9,"column":14},"end":{"line":9,"column":15}},"loc":{"start":{"line":9,"column":33},"end":{"line":12,"column":5}},"line":9},"2":{"name":"(anonymous_2)","decl":{"start":{"line":15,"column":24},"end":{"line":15,"column":25}},"loc":{"start":{"line":15,"column":43},"end":{"line":20,"column":1}},"line":15}},"branchMap":{"0":{"loc":{"start":{"line":16,"column":4},"end":{"line":18,"column":5}},"type":"if","locations":[{"start":{"line":16,"column":4},"end":{"line":18,"column":5}},{"start":{},"end":{}}],"line":16}},"s":{"0":2,"1":2,"2":2,"3":2,"4":0,"5":0,"6":0,"7":2,"8":0,"9":0,"10":0,"11":2,"12":2},"f":{"0":0,"1":0,"2":0},"b":{"0":[0,0]},"_coverageSchema":"1a1c01bbd47fc00a2c39e90264f33305004495a9","hash":"b46520a232c7419ed858cb746cebe58a98a5de1d"}
,"/Users/agni/st6003cem/notes/my-book-review-api/models/Book.js": {"path":"/Users/agni/st6003cem/notes/my-book-review-api/models/Book.js","statementMap":{"0":{"start":{"line":1,"column":17},"end":{"line":1,"column":36}},"1":{"start":{"line":3,"column":21},"end":{"line":17,"column":2}},"2":{"start":{"line":19,"column":19},"end":{"line":37,"column":24}},"3":{"start":{"line":39,"column":0},"end":{"line":39,"column":51}}},"fnMap":{},"branchMap":{},"s":{"0":2,"1":2,"2":2,"3":2},"f":{},"b":{},"_coverageSchema":"1a1c01bbd47fc00a2c39e90264f33305004495a9","hash":"8859530bf4561c524e1915b86aec00490bcc59e3"}
,"/Users/agni/st6003cem/notes/my-book-review-api/models/Category.js": {"path":"/Users/agni/st6003cem/notes/my-book-review-api/models/Category.js","statementMap":{"0":{"start":{"line":1,"column":17},"end":{"line":1,"column":36}},"1":{"start":{"line":3,"column":23},"end":{"line":12,"column":2}},"2":{"start":{"line":14,"column":0},"end":{"line":14,"column":59}}},"fnMap":{},"branchMap":{},"s":{"0":2,"1":2,"2":2},"f":{},"b":{},"_coverageSchema":"1a1c01bbd47fc00a2c39e90264f33305004495a9","hash":"3901b4bca53f598a324017f1128523722f61704f"}
,"/Users/agni/st6003cem/notes/my-book-review-api/models/Profile.js": {"path":"/Users/agni/st6003cem/notes/my-book-review-api/models/Profile.js","statementMap":{"0":{"start":{"line":1,"column":17},"end":{"line":1,"column":36}},"1":{"start":{"line":3,"column":22},"end":{"line":19,"column":24}},"2":{"start":{"line":21,"column":0},"end":{"line":21,"column":57}}},"fnMap":{},"branchMap":{},"s":{"0":2,"1":2,"2":2},"f":{},"b":{},"_coverageSchema":"1a1c01bbd47fc00a2c39e90264f33305004495a9","hash":"865c505e5790d885a836cc189d135bf527eea61b"}
,"/Users/agni/st6003cem/notes/my-book-review-api/models/User.js": {"path":"/Users/agni/st6003cem/notes/my-book-review-api/models/User.js","statementMap":{"0":{"start":{"line":1,"column":17},"end":{"line":1,"column":36}},"1":{"start":{"line":3,"column":19},"end":{"line":23,"column":24}},"2":{"start":{"line":25,"column":0},"end":{"line":25,"column":51}}},"fnMap":{},"branchMap":{},"s":{"0":2,"1":2,"2":2},"f":{},"b":{},"_coverageSchema":"1a1c01bbd47fc00a2c39e90264f33305004495a9","hash":"3baaf087b053e4cf445605faf56d63d1cc5280a5"}
,"/Users/agni/st6003cem/notes/my-book-review-api/routes/books-routes.js": {"path":"/Users/agni/st6003cem/notes/my-book-review-api/routes/books-routes.js","statementMap":{"0":{"start":{"line":1,"column":16},"end":{"line":1,"column":34}},"1":{"start":{"line":2,"column":15},"end":{"line":2,"column":31}},"2":{"start":{"line":3,"column":23},"end":{"line":3,"column":64}},"3":{"start":{"line":4,"column":25},"end":{"line":4,"column":68}},"4":{"start":{"line":5,"column":51},"end":{"line":5,"column":80}},"5":{"start":{"line":8,"column":0},"end":{"line":12,"column":55}},"6":{"start":{"line":11,"column":23},"end":{"line":11,"column":73}},"7":{"start":{"line":14,"column":0},"end":{"line":18,"column":55}},"8":{"start":{"line":16,"column":24},"end":{"line":16,"column":74}},"9":{"start":{"line":20,"column":0},"end":{"line":24,"column":59}},"10":{"start":{"line":23,"column":23},"end":{"line":23,"column":73}},"11":{"start":{"line":26,"column":0},"end":{"line":30,"column":46}},"12":{"start":{"line":28,"column":24},"end":{"line":28,"column":74}},"13":{"start":{"line":32,"column":0},"end":{"line":32,"column":23}}},"fnMap":{"0":{"name":"(anonymous_0)","decl":{"start":{"line":11,"column":9},"end":{"line":11,"column":10}},"loc":{"start":{"line":11,"column":23},"end":{"line":11,"column":73}},"line":11},"1":{"name":"(anonymous_1)","decl":{"start":{"line":16,"column":10},"end":{"line":16,"column":11}},"loc":{"start":{"line":16,"column":24},"end":{"line":16,"column":74}},"line":16},"2":{"name":"(anonymous_2)","decl":{"start":{"line":23,"column":9},"end":{"line":23,"column":10}},"loc":{"start":{"line":23,"column":23},"end":{"line":23,"column":73}},"line":23},"3":{"name":"(anonymous_3)","decl":{"start":{"line":28,"column":10},"end":{"line":28,"column":11}},"loc":{"start":{"line":28,"column":24},"end":{"line":28,"column":74}},"line":28}},"branchMap":{},"s":{"0":2,"1":2,"2":2,"3":2,"4":2,"5":2,"6":0,"7":2,"8":0,"9":2,"10":0,"11":2,"12":0,"13":2},"f":{"0":0,"1":0,"2":0,"3":0},"b":{},"_coverageSchema":"1a1c01bbd47fc00a2c39e90264f33305004495a9","hash":"1372e63add7a581ba6478143553ebb1ca2293197"}
,"/Users/agni/st6003cem/notes/my-book-review-api/routes/category-routes.js": {"path":"/Users/agni/st6003cem/notes/my-book-review-api/routes/category-routes.js","statementMap":{"0":{"start":{"line":1,"column":16},"end":{"line":1,"column":34}},"1":{"start":{"line":2,"column":27},"end":{"line":2,"column":72}},"2":{"start":{"line":3,"column":24},"end":{"line":3,"column":53}},"3":{"start":{"line":5,"column":15},"end":{"line":5,"column":31}},"4":{"start":{"line":7,"column":0},"end":{"line":11,"column":64}},"5":{"start":{"line":10,"column":23},"end":{"line":10,"column":73}},"6":{"start":{"line":13,"column":0},"end":{"line":17,"column":63}},"7":{"start":{"line":15,"column":24},"end":{"line":15,"column":74}},"8":{"start":{"line":19,"column":0},"end":{"line":19,"column":23}}},"fnMap":{"0":{"name":"(anonymous_0)","decl":{"start":{"line":10,"column":9},"end":{"line":10,"column":10}},"loc":{"start":{"line":10,"column":23},"end":{"line":10,"column":73}},"line":10},"1":{"name":"(anonymous_1)","decl":{"start":{"line":15,"column":10},"end":{"line":15,"column":11}},"loc":{"start":{"line":15,"column":24},"end":{"line":15,"column":74}},"line":15}},"branchMap":{},"s":{"0":2,"1":2,"2":2,"3":2,"4":2,"5":0,"6":2,"7":0,"8":2},"f":{"0":0,"1":0},"b":{},"_coverageSchema":"1a1c01bbd47fc00a2c39e90264f33305004495a9","hash":"e8ca7575c63643328d1e771ee1594a1b837080cb"}
,"/Users/agni/st6003cem/notes/my-book-review-api/routes/profile-routes.js": {"path":"/Users/agni/st6003cem/notes/my-book-review-api/routes/profile-routes.js","statementMap":{"0":{"start":{"line":1,"column":16},"end":{"line":1,"column":34}},"1":{"start":{"line":2,"column":16},"end":{"line":2,"column":44}},"2":{"start":{"line":3,"column":22},"end":{"line":3,"column":53}},"3":{"start":{"line":5,"column":15},"end":{"line":5,"column":31}},"4":{"start":{"line":7,"column":0},"end":{"line":24,"column":6}},"5":{"start":{"line":9,"column":8},"end":{"line":13,"column":26}},"6":{"start":{"line":12,"column":16},"end":{"line":12,"column":34}},"7":{"start":{"line":16,"column":8},"end":{"line":16,"column":29}},"8":{"start":{"line":17,"column":8},"end":{"line":17,"column":29}},"9":{"start":{"line":18,"column":8},"end":{"line":18,"column":82}},"10":{"start":{"line":18,"column":35},"end":{"line":18,"column":82}},"11":{"start":{"line":19,"column":8},"end":{"line":23,"column":71}},"12":{"start":{"line":23,"column":29},"end":{"line":23,"column":58}},"13":{"start":{"line":26,"column":0},"end":{"line":35,"column":6}},"14":{"start":{"line":28,"column":8},"end":{"line":28,"column":37}},"15":{"start":{"line":31,"column":8},"end":{"line":31,"column":34}},"16":{"start":{"line":34,"column":8},"end":{"line":34,"column":39}},"17":{"start":{"line":37,"column":0},"end":{"line":37,"column":23}}},"fnMap":{"0":{"name":"(anonymous_0)","decl":{"start":{"line":8,"column":9},"end":{"line":8,"column":10}},"loc":{"start":{"line":8,"column":29},"end":{"line":14,"column":5}},"line":8},"1":{"name":"(anonymous_1)","decl":{"start":{"line":11,"column":18},"end":{"line":11,"column":19}},"loc":{"start":{"line":11,"column":30},"end":{"line":13,"column":13}},"line":11},"2":{"name":"(anonymous_2)","decl":{"start":{"line":15,"column":25},"end":{"line":15,"column":26}},"loc":{"start":{"line":15,"column":45},"end":{"line":24,"column":5}},"line":15},"3":{"name":"(anonymous_3)","decl":{"start":{"line":23,"column":16},"end":{"line":23,"column":17}},"loc":{"start":{"line":23,"column":29},"end":{"line":23,"column":58}},"line":23},"4":{"name":"(anonymous_4)","decl":{"start":{"line":27,"column":9},"end":{"line":27,"column":10}},"loc":{"start":{"line":27,"column":29},"end":{"line":29,"column":5}},"line":27},"5":{"name":"(anonymous_5)","decl":{"start":{"line":30,"column":9},"end":{"line":30,"column":10}},"loc":{"start":{"line":30,"column":29},"end":{"line":32,"column":5}},"line":30},"6":{"name":"(anonymous_6)","decl":{"start":{"line":33,"column":12},"end":{"line":33,"column":13}},"loc":{"start":{"line":33,"column":32},"end":{"line":35,"column":5}},"line":33}},"branchMap":{"0":{"loc":{"start":{"line":18,"column":8},"end":{"line":18,"column":82}},"type":"if","locations":[{"start":{"line":18,"column":8},"end":{"line":18,"column":82}},{"start":{},"end":{}}],"line":18}},"s":{"0":2,"1":2,"2":2,"3":2,"4":2,"5":0,"6":0,"7":0,"8":0,"9":0,"10":0,"11":0,"12":0,"13":2,"14":0,"15":0,"16":0,"17":2},"f":{"0":0,"1":0,"2":0,"3":0,"4":0,"5":0,"6":0},"b":{"0":[0,0]},"_coverageSchema":"1a1c01bbd47fc00a2c39e90264f33305004495a9","hash":"f286914446257e11eb6710ab3fe460ccf405c7bf"}
,"/Users/agni/st6003cem/notes/my-book-review-api/routes/users-routes.js": {"path":"/Users/agni/st6003cem/notes/my-book-review-api/routes/users-routes.js","statementMap":{"0":{"start":{"line":1,"column":16},"end":{"line":1,"column":34}},"1":{"start":{"line":2,"column":15},"end":{"line":2,"column":34}},"2":{"start":{"line":3,"column":12},"end":{"line":3,"column":35}},"3":{"start":{"line":4,"column":13},"end":{"line":4,"column":38}},"4":{"start":{"line":6,"column":15},"end":{"line":6,"column":31}},"5":{"start":{"line":8,"column":0},"end":{"line":31,"column":2}},"6":{"start":{"line":9,"column":4},"end":{"line":30,"column":22}},"7":{"start":{"line":11,"column":12},"end":{"line":14,"column":13}},"8":{"start":{"line":12,"column":16},"end":{"line":12,"column":31}},"9":{"start":{"line":13,"column":16},"end":{"line":13,"column":86}},"10":{"start":{"line":15,"column":12},"end":{"line":29,"column":14}},"11":{"start":{"line":16,"column":16},"end":{"line":16,"column":34}},"12":{"start":{"line":16,"column":25},"end":{"line":16,"column":34}},"13":{"start":{"line":17,"column":27},"end":{"line":17,"column":37}},"14":{"start":{"line":18,"column":16},"end":{"line":18,"column":49}},"15":{"start":{"line":19,"column":16},"end":{"line":19,"column":60}},"16":{"start":{"line":19,"column":35},"end":{"line":19,"column":60}},"17":{"start":{"line":20,"column":16},"end":{"line":20,"column":36}},"18":{"start":{"line":21,"column":16},"end":{"line":28,"column":65}},"19":{"start":{"line":22,"column":20},"end":{"line":26,"column":21}},"20":{"start":{"line":27,"column":20},"end":{"line":27,"column":88}},"21":{"start":{"line":28,"column":36},"end":{"line":28,"column":52}},"22":{"start":{"line":28,"column":53},"end":{"line":28,"column":62}},"23":{"start":{"line":33,"column":0},"end":{"line":56,"column":2}},"24":{"start":{"line":34,"column":4},"end":{"line":55,"column":22}},"25":{"start":{"line":36,"column":12},"end":{"line":39,"column":13}},"26":{"start":{"line":37,"column":16},"end":{"line":37,"column":31}},"27":{"start":{"line":38,"column":16},"end":{"line":38,"column":87}},"28":{"start":{"line":40,"column":12},"end":{"line":54,"column":14}},"29":{"start":{"line":41,"column":16},"end":{"line":41,"column":41}},"30":{"start":{"line":41,"column":25},"end":{"line":41,"column":41}},"31":{"start":{"line":42,"column":16},"end":{"line":45,"column":17}},"32":{"start":{"line":43,"column":20},"end":{"line":43,"column":35}},"33":{"start":{"line":44,"column":20},"end":{"line":44,"column":70}},"34":{"start":{"line":46,"column":16},"end":{"line":50,"column":17}},"35":{"start":{"line":51,"column":30},"end":{"line":52,"column":60}},"36":{"start":{"line":53,"column":16},"end":{"line":53,"column":67}},"37":{"start":{"line":59,"column":0},"end":{"line":59,"column":23}}},"fnMap":{"0":{"name":"(anonymous_0)","decl":{"start":{"line":8,"column":25},"end":{"line":8,"column":26}},"loc":{"start":{"line":8,"column":45},"end":{"line":31,"column":1}},"line":8},"1":{"name":"(anonymous_1)","decl":{"start":{"line":10,"column":14},"end":{"line":10,"column":15}},"loc":{"start":{"line":10,"column":22},"end":{"line":30,"column":9}},"line":10},"2":{"name":"(anonymous_2)","decl":{"start":{"line":15,"column":47},"end":{"line":15,"column":48}},"loc":{"start":{"line":15,"column":62},"end":{"line":29,"column":13}},"line":15},"3":{"name":"(anonymous_3)","decl":{"start":{"line":21,"column":33},"end":{"line":21,"column":34}},"loc":{"start":{"line":21,"column":41},"end":{"line":28,"column":17}},"line":21},"4":{"name":"(anonymous_4)","decl":{"start":{"line":28,"column":25},"end":{"line":28,"column":26}},"loc":{"start":{"line":28,"column":34},"end":{"line":28,"column":64}},"line":28},"5":{"name":"(anonymous_5)","decl":{"start":{"line":33,"column":22},"end":{"line":33,"column":23}},"loc":{"start":{"line":33,"column":42},"end":{"line":56,"column":1}},"line":33},"6":{"name":"(anonymous_6)","decl":{"start":{"line":35,"column":14},"end":{"line":35,"column":15}},"loc":{"start":{"line":35,"column":22},"end":{"line":55,"column":9}},"line":35},"7":{"name":"(anonymous_7)","decl":{"start":{"line":40,"column":61},"end":{"line":40,"column":62}},"loc":{"start":{"line":40,"column":78},"end":{"line":54,"column":13}},"line":40}},"branchMap":{"0":{"loc":{"start":{"line":11,"column":12},"end":{"line":14,"column":13}},"type":"if","locations":[{"start":{"line":11,"column":12},"end":{"line":14,"column":13}},{"start":{},"end":{}}],"line":11},"1":{"loc":{"start":{"line":16,"column":16},"end":{"line":16,"column":34}},"type":"if","locations":[{"start":{"line":16,"column":16},"end":{"line":16,"column":34}},{"start":{},"end":{}}],"line":16},"2":{"loc":{"start":{"line":19,"column":16},"end":{"line":19,"column":60}},"type":"if","locations":[{"start":{"line":19,"column":16},"end":{"line":19,"column":60}},{"start":{},"end":{}}],"line":19},"3":{"loc":{"start":{"line":36,"column":12},"end":{"line":39,"column":13}},"type":"if","locations":[{"start":{"line":36,"column":12},"end":{"line":39,"column":13}},{"start":{},"end":{}}],"line":36},"4":{"loc":{"start":{"line":41,"column":16},"end":{"line":41,"column":41}},"type":"if","locations":[{"start":{"line":41,"column":16},"end":{"line":41,"column":41}},{"start":{},"end":{}}],"line":41},"5":{"loc":{"start":{"line":42,"column":16},"end":{"line":45,"column":17}},"type":"if","locations":[{"start":{"line":42,"column":16},"end":{"line":45,"column":17}},{"start":{},"end":{}}],"line":42}},"s":{"0":2,"1":2,"2":2,"3":2,"4":2,"5":2,"6":1,"7":1,"8":0,"9":0,"10":1,"11":1,"12":0,"13":1,"14":1,"15":1,"16":0,"17":1,"18":1,"19":1,"20":1,"21":0,"22":0,"23":2,"24":2,"25":2,"26":0,"27":0,"28":2,"29":2,"30":0,"31":2,"32":0,"33":0,"34":2,"35":2,"36":2,"37":2},"f":{"0":1,"1":1,"2":1,"3":1,"4":0,"5":2,"6":2,"7":2},"b":{"0":[0,1],"1":[0,1],"2":[0,1],"3":[0,2],"4":[0,2],"5":[0,2]},"_coverageSchema":"1a1c01bbd47fc00a2c39e90264f33305004495a9","hash":"c1d3f6854057587bf063a4c44add047b1b991661"}
,"/Users/agni/st6003cem/notes/my-book-review-api/utils/for-test.js": {"path":"/Users/agni/st6003cem/notes/my-book-review-api/utils/for-test.js","statementMap":{"0":{"start":{"line":1,"column":16},"end":{"line":3,"column":1}},"1":{"start":{"line":2,"column":4},"end":{"line":2,"column":46}},"2":{"start":{"line":5,"column":16},"end":{"line":5,"column":87}},"3":{"start":{"line":5,"column":29},"end":{"line":5,"column":87}},"4":{"start":{"line":5,"column":59},"end":{"line":5,"column":69}},"5":{"start":{"line":7,"column":0},"end":{"line":9,"column":1}}},"fnMap":{"0":{"name":"(anonymous_0)","decl":{"start":{"line":1,"column":16},"end":{"line":1,"column":17}},"loc":{"start":{"line":1,"column":28},"end":{"line":3,"column":1}},"line":1},"1":{"name":"(anonymous_1)","decl":{"start":{"line":5,"column":16},"end":{"line":5,"column":17}},"loc":{"start":{"line":5,"column":29},"end":{"line":5,"column":87}},"line":5},"2":{"name":"(anonymous_2)","decl":{"start":{"line":5,"column":44},"end":{"line":5,"column":45}},"loc":{"start":{"line":5,"column":59},"end":{"line":5,"column":69}},"line":5}},"branchMap":{},"s":{"0":1,"1":2,"2":1,"3":1,"4":2,"5":1},"f":{"0":2,"1":1,"2":2},"b":{},"_coverageSchema":"1a1c01bbd47fc00a2c39e90264f33305004495a9","hash":"52ab668149699f15efedc1bc4a70e00619a734fd"}
}
